<?xml version="1.0" encoding="UTF-8"?>
<!-- Generated by org.testng.reporters.JUnitReportReporter -->
<testsuite hostname="LAPTOP-UT0M2F0F" failures="0" tests="1" name="com.OrangeHRM.TestClassPOM.TC__002VerifyLogoutFunctionality" time="24.269" errors="0" timestamp="2022-08-06T18:55:10 IST" skipped="0">
  <testcase classname="com.OrangeHRM.TestClassPOM.TC__002VerifyLogoutFunctionality" name="VerifyLogoutFunctionality" time="24.269"/>
  <system-out/>
</testsuite> <!-- com.OrangeHRM.TestClassPOM.TC__002VerifyLogoutFunctionality -->
